[debug] ----------------------------------------------------------------------
[debug] Command:      /Users/geeku/.nvm/versions/node/v7.0.0/bin/node /Users/geeku/.nvm/versions/node/v7.0.0/bin/firebase deploy
[debug] CLI Version:  3.8.0
[debug] Platform:     darwin
[debug] Node Version: v7.0.0
[debug] Time:         Mon May 22 2017 14:49:56 GMT+0800 (CST)
[debug] ----------------------------------------------------------------------
[debug] 
[debug] > command requires scopes: ["email","openid","https://www.googleapis.com/auth/cloudplatformprojects.readonly","https://www.googleapis.com/auth/firebase","https://www.googleapis.com/auth/cloud-platform"]
[debug] >>> HTTP REQUEST GET https://admin.firebase.com/v1/projects/ggongpei  
 Mon May 22 2017 14:49:56 GMT+0800 (CST)
[debug] Error: socket hang up
    at TLSSocket.onHangUp (_tls_wrap.js:1094:19)
    at TLSSocket.g (events.js:291:16)
    at emitNone (events.js:91:20)
    at TLSSocket.emit (events.js:185:7)
    at endReadableNT (_stream_readable.js:974:12)
    at _combinedTickCallback (internal/process/next_tick.js:74:11)
    at process._tickCallback (internal/process/next_tick.js:98:9)
[error] 
[error] Error: Server Error. socket hang up
